<?xml version="1.0" encoding="UTF-8"?>
<!-- Generated by org.testng.reporters.JUnitReportReporter -->
<testsuite hostname="Swathi-PC" failures="0" tests="1" name="com.packge.in.JavaScriptCode" time="2.954" errors="0" timestamp="2024-08-12T15:31:59 IST" skipped="0">
  <testcase classname="com.packge.in.JavaScriptCode" name="javaScriptExe" time="2.954"/>
</testsuite> <!-- com.packge.in.JavaScriptCode -->
