<?xml version="1.0" encoding="UTF-8"?>
<!-- Generated by org.testng.reporters.JUnitReportReporter -->
<testsuite hostname="Swathi-PC" failures="0" tests="1" name="com.packge.in.BrokenLinksClass" time="5.935" errors="0" timestamp="2024-08-12T12:56:30 IST" skipped="0">
  <testcase classname="com.packge.in.BrokenLinksClass" name="setUpUrl" time="5.935"/>
</testsuite> <!-- com.packge.in.BrokenLinksClass -->
