<?xml version="1.0" encoding="UTF-8"?>
<!-- Generated by org.testng.reporters.JUnitReportReporter -->
<testsuite hostname="Swathi-PC" failures="0" tests="1" name="com.pages.in.LoginPag" time="2.773" errors="0" timestamp="2024-08-12T18:11:06 IST" skipped="0">
  <testcase classname="com.pages.in.LoginPag" name="pageFactoryMethod" time="2.773"/>
</testsuite> <!-- com.pages.in.LoginPag -->
