<?xml version="1.0" encoding="UTF-8"?>
<!-- Generated by org.testng.reporters.JUnitReportReporter -->
<testsuite hostname="Swathi-PC" failures="0" tests="1" name="com.packge.in.PageFactoryImpl_Class" time="2.607" errors="0" timestamp="2024-08-12T18:55:16 IST" skipped="0">
  <testcase classname="com.packge.in.PageFactoryImpl_Class" name="pageFactoryMethod" time="2.607"/>
</testsuite> <!-- com.packge.in.PageFactoryImpl_Class -->
