<?xml version="1.0" encoding="UTF-8"?>
<!-- Generated by org.testng.reporters.JUnitReportReporter -->
<testsuite hostname="Swathi-PC" failures="0" tests="1" name="com.packge.in.WindowHandleClass" time="14.999" errors="0" timestamp="2024-08-11T14:53:23 IST" skipped="0">
  <testcase classname="com.packge.in.WindowHandleClass" name="windowHandleMethod" time="14.999"/>
</testsuite> <!-- com.packge.in.WindowHandleClass -->
