<?xml version="1.0" encoding="UTF-8"?>
<!-- Generated by org.testng.reporters.JUnitReportReporter -->
<testsuite hostname="Swathi-PC" failures="0" tests="1" name="com.packge.in.UploadImple_Class" time="1.804" errors="0" timestamp="2024-08-12T20:24:57 IST" skipped="0">
  <testcase classname="com.packge.in.UploadImple_Class" name="uploadMethod" time="1.804"/>
</testsuite> <!-- com.packge.in.UploadImple_Class -->
