<?xml version="1.0" encoding="UTF-8"?>
<!-- Generated by org.testng.reporters.JUnitReportReporter -->
<testsuite hostname="Swathi-PC" failures="0" tests="1" name="com.packge.in.AjaxClass" time="12.150" errors="0" timestamp="2024-08-12T16:29:16 IST" skipped="0">
  <testcase classname="com.packge.in.AjaxClass" name="ajaxMethod" time="12.150"/>
</testsuite> <!-- com.packge.in.AjaxClass -->
