<?xml version="1.0" encoding="UTF-8"?>
<!-- Generated by org.testng.reporters.JUnitReportReporter -->
<testsuite hostname="Swathi-PC" failures="0" tests="1" name="com.packge.in.ReloadClass" time="11.958" errors="0" timestamp="2024-08-11T12:53:13 IST" skipped="0">
  <testcase classname="com.packge.in.ReloadClass" name="reloadMethod" time="11.958"/>
</testsuite> <!-- com.packge.in.ReloadClass -->
