<?xml version="1.0" encoding="UTF-8"?>
<!-- Generated by org.testng.reporters.JUnitReportReporter -->
<testsuite hostname="Swathi-PC" failures="0" tests="2" name="com.login.in.LoginPage" time="11.518" errors="0" timestamp="2024-07-26T16:45:07 IST" skipped="0">
  <testcase classname="com.login.in.LoginPage" name="alunch" time="9.940"/>
  <testcase classname="com.login.in.LoginPage" name="loginApp" time="1.578"/>
</testsuite> <!-- com.login.in.LoginPage -->
