<?xml version="1.0" encoding="UTF-8"?>
<!-- Generated by org.testng.reporters.JUnitReportReporter -->
<testsuite hostname="Swathi-PC" failures="0" tests="2" name="com.login.in.LoginPage" time="9.181" errors="0" timestamp="2024-07-26T18:00:29 IST" skipped="0">
  <testcase classname="com.login.in.LoginPage" name="loginApp" time="1.693"/>
  <testcase classname="com.login.in.LoginPage" name="alunch" time="7.488"/>
</testsuite> <!-- com.login.in.LoginPage -->
